{
  "stats": {
    "suites": 1,
    "tests": 4,
    "passes": 4,
    "pending": 0,
    "failures": 0,
    "start": "2025-12-09T19:12:08.189Z",
    "end": "2025-12-09T19:17:03.718Z",
    "duration": 295529,
    "testsRegistered": 4,
    "passPercent": 100,
    "pendingPercent": 0,
    "other": 0,
    "hasOther": false,
    "skipped": 0,
    "hasSkipped": false
  },
  "results": [
    {
      "uuid": "512ef75c-1c5f-4f5f-ac38-33c7b97be1c8",
      "title": "",
      "fullFile": "cypress\\e2e\\create_po.spec.js",
      "file": "cypress\\e2e\\create_po.spec.js",
      "beforeHooks": [],
      "afterHooks": [],
      "tests": [],
      "suites": [
        {
          "uuid": "731c51e4-8138-4694-8380-54b39bc49fab",
          "title": "E2E - Crear y Recepcionar Orden de Compra",
          "fullFile": "",
          "file": "",
          "beforeHooks": [],
          "afterHooks": [],
          "tests": [
            {
              "title": " Creación de artículos",
              "fullTitle": "E2E - Crear y Recepcionar Orden de Compra  Creación de artículos",
              "timedOut": null,
              "duration": 50720,
              "state": "passed",
              "speed": "slow",
              "pass": true,
              "fail": false,
              "pending": false,
              "context": null,
              "code": "// Login & flujo de creación\n_login.default.login(Cypress.env('USER2'), Cypress.env('PASS2'));\n_createItems.default.createItems();\ncy.wait(2000);",
              "err": {},
              "uuid": "6bde1aec-2170-48c7-8ecb-6d35967ee7bc",
              "parentUUID": "731c51e4-8138-4694-8380-54b39bc49fab",
              "isHook": false,
              "skipped": false
            },
            {
              "title": " Creación de proveedores",
              "fullTitle": "E2E - Crear y Recepcionar Orden de Compra  Creación de proveedores",
              "timedOut": null,
              "duration": 93552,
              "state": "passed",
              "speed": "slow",
              "pass": true,
              "fail": false,
              "pending": false,
              "context": null,
              "code": "// Login & flujo de creación\n_login.default.login(Cypress.env('USER3'), Cypress.env('PASS3'));\n_createSupplier.default.createSuppliers();\ncy.wait(2000);",
              "err": {},
              "uuid": "7d4158c8-9916-4874-84b9-cc522cde84bc",
              "parentUUID": "731c51e4-8138-4694-8380-54b39bc49fab",
              "isHook": false,
              "skipped": false
            },
            {
              "title": " Crear Orden de Compra",
              "fullTitle": "E2E - Crear y Recepcionar Orden de Compra  Crear Orden de Compra",
              "timedOut": null,
              "duration": 56256,
              "state": "passed",
              "speed": "slow",
              "pass": true,
              "fail": false,
              "pending": false,
              "context": null,
              "code": "// Login & flujo de creación\n_login.default.login(Cypress.env('USER'), Cypress.env('PASS'));\n_purchaseOrder.default.purchaseOrder();\ncy.wait(2000);",
              "err": {},
              "uuid": "8d696089-2187-4e8b-b86b-649a1a71cae9",
              "parentUUID": "731c51e4-8138-4694-8380-54b39bc49fab",
              "isHook": false,
              "skipped": false
            },
            {
              "title": " Recepcionar Orden de Compra",
              "fullTitle": "E2E - Crear y Recepcionar Orden de Compra  Recepcionar Orden de Compra",
              "timedOut": null,
              "duration": 91572,
              "state": "passed",
              "speed": "slow",
              "pass": true,
              "fail": false,
              "pending": false,
              "context": null,
              "code": "// Esperar 2 minutos\n//cy.wait(120000);\ncy.wait(50000);\ncy.readFile('cypress/fixtures/datos-guardados.json').then(data => {\n  const codigoOC = data.codigoOC;\n  cy.log(`Código cargado desde JSON: ${codigoOC}`);\n  _login.default.login(Cypress.env('USER3'), Cypress.env('PASS3'));\n  // Llamar la recepción pasándole el código\n  _reception.default.receptionPageOrder(codigoOC);\n});",
              "err": {},
              "uuid": "c28c1289-c756-4516-af1a-154dc566d5ed",
              "parentUUID": "731c51e4-8138-4694-8380-54b39bc49fab",
              "isHook": false,
              "skipped": false
            }
          ],
          "suites": [],
          "passes": [
            "6bde1aec-2170-48c7-8ecb-6d35967ee7bc",
            "7d4158c8-9916-4874-84b9-cc522cde84bc",
            "8d696089-2187-4e8b-b86b-649a1a71cae9",
            "c28c1289-c756-4516-af1a-154dc566d5ed"
          ],
          "failures": [],
          "pending": [],
          "skipped": [],
          "duration": 292100,
          "root": false,
          "rootEmpty": false,
          "_timeout": 2000
        }
      ],
      "passes": [],
      "failures": [],
      "pending": [],
      "skipped": [],
      "duration": 0,
      "root": true,
      "rootEmpty": true,
      "_timeout": 2000
    }
  ],
  "meta": {
    "mocha": {
      "version": "7.2.0"
    },
    "mochawesome": {
      "options": {
        "quiet": false,
        "reportFilename": "mochawesome",
        "saveHtml": true,
        "saveJson": true,
        "consoleReporter": "spec",
        "useInlineDiffs": false,
        "code": true
      },
      "version": "7.1.4"
    },
    "marge": {
      "options": {
        "reportDir": "cypress/results",
        "overwrite": false,
        "html": true,
        "json": true,
        "charts": true,
        "embeddedScreenshots": true,
        "inlineAssets": true
      },
      "version": "6.3.0"
    }
  }
}