{
  "stats": {
    "suites": 1,
    "tests": 4,
    "passes": 4,
    "pending": 0,
    "failures": 0,
    "start": "2025-12-12T15:54:58.361Z",
    "end": "2025-12-12T16:00:53.576Z",
    "duration": 355215,
    "testsRegistered": 4,
    "passPercent": 100,
    "pendingPercent": 0,
    "other": 0,
    "hasOther": false,
    "skipped": 0,
    "hasSkipped": false
  },
  "results": [
    {
      "uuid": "b858d4ec-0ff1-496c-8c8a-c1e5a8e72120",
      "title": "",
      "fullFile": "cypress\\e2e\\create_po.spec.js",
      "file": "cypress\\e2e\\create_po.spec.js",
      "beforeHooks": [],
      "afterHooks": [],
      "tests": [],
      "suites": [
        {
          "uuid": "afa08b99-d0a1-4252-b888-4267f87bdd76",
          "title": "E2E - Crear y Recepcionar Orden de Compra",
          "fullFile": "",
          "file": "",
          "beforeHooks": [],
          "afterHooks": [],
          "tests": [
            {
              "title": " Creación de artículos",
              "fullTitle": "E2E - Crear y Recepcionar Orden de Compra  Creación de artículos",
              "timedOut": null,
              "duration": 68156,
              "state": "passed",
              "speed": "slow",
              "pass": true,
              "fail": false,
              "pending": false,
              "context": null,
              "code": "// Login & flujo de creación\n_login.default.login(Cypress.env('USER2'), Cypress.env('PASS2'));\n_createItems.default.createItems();\ncy.wait(2000);",
              "err": {},
              "uuid": "647a2be1-54af-4fb6-809d-51f766fd53ec",
              "parentUUID": "afa08b99-d0a1-4252-b888-4267f87bdd76",
              "isHook": false,
              "skipped": false
            },
            {
              "title": " Creación de proveedores",
              "fullTitle": "E2E - Crear y Recepcionar Orden de Compra  Creación de proveedores",
              "timedOut": null,
              "duration": 111447,
              "state": "passed",
              "speed": "slow",
              "pass": true,
              "fail": false,
              "pending": false,
              "context": null,
              "code": "// Login & flujo de creación\n_login.default.login(Cypress.env('USER3'), Cypress.env('PASS3'));\n_createSupplier.default.createSuppliers();\ncy.wait(2000);",
              "err": {},
              "uuid": "5747a065-c436-440e-8601-cec64e8f6541",
              "parentUUID": "afa08b99-d0a1-4252-b888-4267f87bdd76",
              "isHook": false,
              "skipped": false
            },
            {
              "title": " Crear Orden de Compra",
              "fullTitle": "E2E - Crear y Recepcionar Orden de Compra  Crear Orden de Compra",
              "timedOut": null,
              "duration": 67080,
              "state": "passed",
              "speed": "slow",
              "pass": true,
              "fail": false,
              "pending": false,
              "context": null,
              "code": "// Login & flujo de creación\n_login.default.login(Cypress.env('USER'), Cypress.env('PASS'));\n_purchaseOrder.default.purchaseOrder();\ncy.wait(2000);",
              "err": {},
              "uuid": "3d4b0208-c7f1-4c16-b072-284340524584",
              "parentUUID": "afa08b99-d0a1-4252-b888-4267f87bdd76",
              "isHook": false,
              "skipped": false
            },
            {
              "title": " Recepcionar Orden de Compra",
              "fullTitle": "E2E - Crear y Recepcionar Orden de Compra  Recepcionar Orden de Compra",
              "timedOut": null,
              "duration": 100788,
              "state": "passed",
              "speed": "slow",
              "pass": true,
              "fail": false,
              "pending": false,
              "context": null,
              "code": "// Esperar 2 minutos\n//cy.wait(120000);\ncy.wait(50000);\ncy.readFile('cypress/fixtures/datos-guardados.json').then(data => {\n  const codigoOC = data.codigoOC;\n  cy.log(`Código cargado desde JSON: ${codigoOC}`);\n  _login.default.login(Cypress.env('USER3'), Cypress.env('PASS3'));\n  // Llamar la recepción pasándole el código\n  _reception.default.receptionPageOrder(codigoOC);\n});",
              "err": {},
              "uuid": "18b02e40-0c11-44a7-9f09-c0285b5421c1",
              "parentUUID": "afa08b99-d0a1-4252-b888-4267f87bdd76",
              "isHook": false,
              "skipped": false
            }
          ],
          "suites": [],
          "passes": [
            "647a2be1-54af-4fb6-809d-51f766fd53ec",
            "5747a065-c436-440e-8601-cec64e8f6541",
            "3d4b0208-c7f1-4c16-b072-284340524584",
            "18b02e40-0c11-44a7-9f09-c0285b5421c1"
          ],
          "failures": [],
          "pending": [],
          "skipped": [],
          "duration": 347471,
          "root": false,
          "rootEmpty": false,
          "_timeout": 2000
        }
      ],
      "passes": [],
      "failures": [],
      "pending": [],
      "skipped": [],
      "duration": 0,
      "root": true,
      "rootEmpty": true,
      "_timeout": 2000
    }
  ],
  "meta": {
    "mocha": {
      "version": "7.2.0"
    },
    "mochawesome": {
      "options": {
        "quiet": false,
        "reportFilename": "mochawesome",
        "saveHtml": true,
        "saveJson": true,
        "consoleReporter": "spec",
        "useInlineDiffs": false,
        "code": true
      },
      "version": "7.1.4"
    },
    "marge": {
      "options": {
        "reportDir": "cypress/results",
        "overwrite": false,
        "html": true,
        "json": true,
        "charts": true,
        "embeddedScreenshots": true,
        "inlineAssets": true
      },
      "version": "6.3.0"
    }
  }
}