{
  "stats": {
    "suites": 1,
    "tests": 2,
    "passes": 1,
    "pending": 0,
    "failures": 1,
    "start": "2025-11-05T16:32:40.475Z",
    "end": "2025-11-05T16:36:58.247Z",
    "duration": 257772,
    "testsRegistered": 2,
    "passPercent": 50,
    "pendingPercent": 0,
    "other": 0,
    "hasOther": false,
    "skipped": 0,
    "hasSkipped": false
  },
  "results": [
    {
      "uuid": "617dcab3-3605-48ae-af59-0b8aac280a9f",
      "title": "",
      "fullFile": "cypress\\e2e\\create_po.spec.js",
      "file": "cypress\\e2e\\create_po.spec.js",
      "beforeHooks": [],
      "afterHooks": [],
      "tests": [],
      "suites": [
        {
          "uuid": "0ff7944a-7604-482c-b334-f14e3c176606",
          "title": "E2E - Crear y Recepcionar Orden de Compra",
          "fullFile": "",
          "file": "",
          "beforeHooks": [],
          "afterHooks": [],
          "tests": [
            {
              "title": "✅ Crear Orden de Compra",
              "fullTitle": "E2E - Crear y Recepcionar Orden de Compra ✅ Crear Orden de Compra",
              "timedOut": null,
              "duration": 46055,
              "state": "passed",
              "speed": "slow",
              "pass": true,
              "fail": false,
              "pending": false,
              "context": null,
              "code": "// 1️⃣ Cargar fixture con info del PO\ncy.fixture('po').then(poData => {\n  // 2️⃣ Login & flujo de creación\n  _login.default.login(Cypress.env('USER'), Cypress.env('PASS'));\n  _purchaseOrder.default.purchaseOrder(); // <- esto ejecuta completePo() y guarda @codigoOC\n  // 3️⃣ Esperar a que completePo guarde el código\n  cy.get('@codigoOC').then(codigoOC => {\n    // 4️⃣ Leer JSON guardado (doble seguridad)\n    cy.readFile('cypress/fixtures/datos-guardados.json').then(({\n      codigoOC: codigoJson\n    }) => {\n      const codigo = codigoOC || codigoJson;\n      const fecha = new Date().toLocaleString();\n      const {\n        proveedor,\n        unidadNegocio,\n        ubicacionEnvio,\n        comprador,\n        articulos\n      } = poData.purchaseOrder;\n      const articulosHtml = articulos.map((item, index) => `\n      <tr>\n        <td style=\"padding:4px 8px;border:1px solid #ccc;\">${index + 1}</td>\n        <td style=\"padding:4px 8px;border:1px solid #ccc;\">${item.codigoArticulo}</td>\n        <td style=\"padding:4px 8px;border:1px solid #ccc;\">${item.cantidad}</td>\n        <td style=\"padding:4px 8px;border:1px solid #ccc;\">${item.price}</td>\n      </tr>\n    `).join(\"\");\n      const html = `\n      <div style=\"background:#eef;padding:12px;border-radius:8px;font-size:13px;\">\n        <b>📦 Orden Generada:</b> ${codigo}<br><br>\n        <b>Proveedor:</b> ${proveedor}<br>\n        <b>Unidad Negocio:</b> ${unidadNegocio}<br>\n        <b>Ubicación Envío:</b> ${ubicacionEnvio}<br>\n        <b>Comprador:</b> ${comprador}<br><br>\n        <b>🛒 Artículos:</b><br><br>\n        <table style=\"border-collapse:collapse;font-size:12px;\">\n          <tr style=\"background:#ddd;\">\n            <th style=\"padding:4px 8px;border:1px solid #ccc;\">#</th>\n            <th style=\"padding:4px 8px;border:1px solid #ccc;\">Código</th>\n            <th style=\"padding:4px 8px;border:1px solid #ccc;\">Cantidad</th>\n            <th style=\"padding:4px 8px;border:1px solid #ccc;\">Precio</th>\n          </tr>\n          ${articulosHtml}\n        </table><br>\n        <b>👤 Usuario:</b> ${Cypress.env(\"USER\")}<br>\n        <b>📅 Fecha:</b> ${fecha}\n      </div>\n    `;\n      // 5️⃣ Enviar bloque HTML al reporte Mochawesome\n      cy.task('mochawesome:addContext', {\n        test: Cypress.currentTest.title,\n        value: html\n      });\n      cy.log(`✅ Orden registrada en reporte: ${codigo}`);\n    });\n  });\n});",
              "err": {},
              "uuid": "aa22718e-9772-4c8b-b897-56bb55d1240d",
              "parentUUID": "0ff7944a-7604-482c-b334-f14e3c176606",
              "isHook": false,
              "skipped": false
            },
            {
              "title": "📦 Recepcionar Orden de Compra",
              "fullTitle": "E2E - Crear y Recepcionar Orden de Compra 📦 Recepcionar Orden de Compra",
              "timedOut": null,
              "duration": 106293,
              "state": "failed",
              "speed": null,
              "pass": false,
              "fail": true,
              "pending": false,
              "context": null,
              "code": "// Esperar 2 minutos\ncy.wait(60000);\ncy.readFile('cypress/fixtures/datos-guardados.json').then(data => {\n  const codigoOC = data.codigoOC;\n  cy.log(`Código cargado desde JSON: ${codigoOC}`);\n  _login.default.login(Cypress.env('USER'), Cypress.env('PASS'));\n  // Llamar la recepción pasándole el código\n  _reception.default.receptionPageOrder(codigoOC);\n});",
              "err": {
                "message": "CypressError: `cy.type()` failed because it requires a valid typeable element.\n\nThe element typed into was:\n\n  > `<span id=\"_FOpt1:_FOr1:0:_FONSr2:0:MAnt2:1:appPanelid:AT1:_ATp:table1:0:LotExpid::content\" class=\"x2b\" readonly=\"\">10/26/30</span>`\n\n  A typeable element matches one of the following selectors:\n  `a[href]`\n  `area[href]`\n  `input`\n  `select`\n  `textarea`\n  `button`\n  `iframe`\n  `[tabindex]`\n  `[contenteditable]`\n\nhttps://on.cypress.io/type",
                "estack": "CypressError: `cy.type()` failed because it requires a valid typeable element.\n\nThe element typed into was:\n\n  > `<span id=\"_FOpt1:_FOr1:0:_FONSr2:0:MAnt2:1:appPanelid:AT1:_ATp:table1:0:LotExpid::content\" class=\"x2b\" readonly=\"\">10/26/30</span>`\n\n  A typeable element matches one of the following selectors:\n  `a[href]`\n  `area[href]`\n  `input`\n  `select`\n  `textarea`\n  `button`\n  `iframe`\n  `[tabindex]`\n  `[contenteditable]`\n\nhttps://on.cypress.io/type\n    at validateTyping (https://ibngjb-test.fa.ocs.oraclecloud.com/__cypress/runner/cypress_runner.js:117851:66)\n    at <unknown> (https://ibngjb-test.fa.ocs.oraclecloud.com/__cypress/runner/cypress_runner.js:118119:15)\n    at tryCatcher (https://ibngjb-test.fa.ocs.oraclecloud.com/__cypress/runner/cypress_runner.js:1777:23)\n    at Promise.attempt.Promise.try (https://ibngjb-test.fa.ocs.oraclecloud.com/__cypress/runner/cypress_runner.js:4285:29)\n    at <unknown> (https://ibngjb-test.fa.ocs.oraclecloud.com/__cypress/runner/cypress_runner.js:118161:70)\n    at tryCatcher (https://ibngjb-test.fa.ocs.oraclecloud.com/__cypress/runner/cypress_runner.js:1777:23)\n    at Object.gotValue (https://ibngjb-test.fa.ocs.oraclecloud.com/__cypress/runner/cypress_runner.js:6446:18)\n    at Object.gotAccum (https://ibngjb-test.fa.ocs.oraclecloud.com/__cypress/runner/cypress_runner.js:6435:25)\n    at Object.tryCatcher (https://ibngjb-test.fa.ocs.oraclecloud.com/__cypress/runner/cypress_runner.js:1777:23)\n    at Promise._settlePromiseFromHandler (https://ibngjb-test.fa.ocs.oraclecloud.com/__cypress/runner/cypress_runner.js:1489:31)\n    at Promise._settlePromise (https://ibngjb-test.fa.ocs.oraclecloud.com/__cypress/runner/cypress_runner.js:1546:18)\n    at Promise._settlePromiseCtx (https://ibngjb-test.fa.ocs.oraclecloud.com/__cypress/runner/cypress_runner.js:1583:10)\n    at _drainQueueStep (https://ibngjb-test.fa.ocs.oraclecloud.com/__cypress/runner/cypress_runner.js:2381:12)\n    at _drainQueue (https://ibngjb-test.fa.ocs.oraclecloud.com/__cypress/runner/cypress_runner.js:2370:9)\n    at Async._drainQueues (https://ibngjb-test.fa.ocs.oraclecloud.com/__cypress/runner/cypress_runner.js:2386:5)\n    at Async.drainQueues (https://ibngjb-test.fa.ocs.oraclecloud.com/__cypress/runner/cypress_runner.js:2256:14)",
                "diff": null
              },
              "uuid": "f7f67f82-98fd-463c-90af-6c41aba3067e",
              "parentUUID": "0ff7944a-7604-482c-b334-f14e3c176606",
              "isHook": false,
              "skipped": false
            }
          ],
          "suites": [],
          "passes": [
            "aa22718e-9772-4c8b-b897-56bb55d1240d"
          ],
          "failures": [
            "f7f67f82-98fd-463c-90af-6c41aba3067e"
          ],
          "pending": [],
          "skipped": [],
          "duration": 152348,
          "root": false,
          "rootEmpty": false,
          "_timeout": 2000
        }
      ],
      "passes": [],
      "failures": [],
      "pending": [],
      "skipped": [],
      "duration": 0,
      "root": true,
      "rootEmpty": true,
      "_timeout": 2000
    }
  ],
  "meta": {
    "mocha": {
      "version": "7.2.0"
    },
    "mochawesome": {
      "options": {
        "quiet": false,
        "reportFilename": "mochawesome",
        "saveHtml": true,
        "saveJson": true,
        "consoleReporter": "spec",
        "useInlineDiffs": false,
        "code": true
      },
      "version": "7.1.4"
    },
    "marge": {
      "options": {
        "reportDir": "cypress/results",
        "overwrite": false,
        "html": true,
        "json": true,
        "charts": true,
        "embeddedScreenshots": true,
        "inlineAssets": true
      },
      "version": "6.3.0"
    }
  }
}